On a ecrit |oui|
On a ecrit |
|
On a ecrit |ok
|
On a ecrit |ok
|
On a ecrit |ok
|
On a ecrit |dfh|
On a ecrit |j
|
On a ecrit |oui|
On a ecrit |
|
On a ecrit |ok
|
On a ecrit |xd
|
On a ecrit |oui|
On a ecrit |
|
On a ecrit |oui|
On a ecrit |
|
On a ecrit |
|
On a ecrit |
|
On a ecrit |oui|
On a ecrit |
|
On a ecrit |ui
|
On a ecrit |[A|
On a ecrit |[B|
On a ecrit |[C|
On a ecrit |[A|
On a ecrit |
|
On a ecrit |oui|
On a ecrit |
|
On a ecrit |ok
|
On a ecrit |ui
|
On a ecrit |njn|
On a ecrit |
|
On a ecrit |oui|{111, 117, 105}|
On a ecrit |
|{10, 0, 0}|
On a ecrit |[A|{27, 91, 65}|
On a ecrit |
|{10, 0, 0}|
On a ecrit |[C|{27, 91, 67}|
On a ecrit |[D|{27, 91, 68}|
On a ecrit |[B|{27, 91, 66}|
On a ecrit |[A|{27, 91, 65}|
On a ecrit |[D|{27, 91, 68}|
On a ecrit |[B|{27, 91, 66}|
On a ecrit |[D|{27, 91, 68}|
On a ecrit |[A|{27, 91, 65}|
On a ecrit |[C|{27, 91, 67}|
On a ecrit |[B|{27, 91, 66}|
On a ecrit |[D|{27, 91, 68}|
On a ecrit |[A|{27, 91, 65}|
On a ecrit |[C|{27, 91, 67}|
On a ecrit |[B|{27, 91, 66}|
On a ecrit |[A|{27, 91, 65}|
On a ecrit |[C|{27, 91, 67}|
On a ecrit |[D|{27, 91, 68}|
On a ecrit |[B|{27, 91, 66}|
On a ecrit |[A|{27, 91, 65}|
On a ecrit |[D|{27, 91, 68}|
On a ecrit |[C|{27, 91, 67}|
On a ecrit |[D|{27, 91, 68}|
On a ecrit |[D|{27, 91, 68}|
On a ecrit |[C|{27, 91, 67}|
On a ecrit |[A|{27, 91, 65}|
On a ecrit |[D|{27, 91, 68}|
On a ecrit |[C|{27, 91, 67}|
On a ecrit |[B|{27, 91, 66}|
On a ecrit |[D|{27, 91, 68}|
On a ecrit |[C|{27, 91, 67}|
On a ecrit |[A|{27, 91, 65}|
On a ecrit |[D|{27, 91, 68}|
On a ecrit |[C|{27, 91, 67}|
On a ecrit |[D|{27, 91, 68}|
On a ecrit |[C|{27, 91, 67}|
On a ecrit |[D|{27, 91, 68}|
On a ecrit |[C|{27, 91, 67}|
On a ecrit |[D|{27, 91, 68}|
On a ecrit |[C|{27, 91, 67}|
On a ecrit |[D|{27, 91, 68}|
On a ecrit |[C|{27, 91, 67}|
On a ecrit |[B|{27, 91, 66}|
On a ecrit |[A|{27, 91, 65}|
On a ecrit |[B|{27, 91, 66}|
On a ecrit |[D|{27, 91, 68}|
On a ecrit |[C|{27, 91, 67}|
On a ecrit |[A|{27, 91, 65}|
On a ecrit |[B|{27, 91, 66}|
On a ecrit |[D|{27, 91, 68}|
On a ecrit |
|{10, 0, 0}|
